<?xml version="1.0" encoding="UTF-8"?>
<!-- Generated by org.testng.reporters.JUnitXMLReporter -->
<testsuite hostname="IN2070121W2" ignored="0" name="Test1" tests="6" failures="0" timestamp="20 Jan 2019 07:41:22 GMT" time="1.414" errors="0">
  <testcase name="loginTest" time="0.354" classname="com.qa.testcases.LoginTest">
    <skipped/>
  </testcase> <!-- loginTest -->
  <testcase name="loginTest" time="0.378" classname="com.qa.testcases.LoginTest">
    <skipped/>
  </testcase> <!-- loginTest -->
  <testcase name="loginTest" time="0.406" classname="com.qa.testcases.LoginTest">
    <skipped/>
  </testcase> <!-- loginTest -->
  <testcase name="loginTest" time="0.422" classname="com.qa.testcases.LoginTest">
    <skipped/>
  </testcase> <!-- loginTest -->
  <testcase name="loginTest" time="0.442" classname="com.qa.testcases.LoginTest">
    <skipped/>
  </testcase> <!-- loginTest -->
  <testcase name="loginTest" time="0.446" classname="com.qa.testcases.LoginTest">
    <skipped/>
  </testcase> <!-- loginTest -->
</testsuite> <!-- Test1 -->
